2025-07-23 18:00:43,311 - INFO - STKO analysis started at 2025-07-01 23:35:50
2025-07-23 18:00:43,311 - INFO - STKO analysis ended at 2025-07-02 03:03:09
2025-07-23 18:00:43,311 - INFO - Elapsed time: 207.31666666666666 seconds
2025-07-23 18:00:43,313 - INFO - Dataset folder size: 3.93 GB
2025-07-23 18:00:43,527 - INFO - Memory usage for structured array (NODES): 0.09 MB
2025-07-23 18:00:43,528 - INFO - Memory usage for DataFrame (NODES): 0.09 MB
2025-07-23 18:00:43,528 - INFO - _get_all_nodes_ids executed in 0.01 seconds
2025-07-23 18:00:44,115 - INFO - _get_stage_results executed in 0.34 seconds
2025-07-23 18:00:44,115 - INFO - get_nodal_results executed in 0.34 seconds
2025-07-23 18:00:44,478 - INFO - _get_stage_results executed in 0.36 seconds
2025-07-23 18:00:44,478 - INFO - get_nodal_results executed in 0.36 seconds
2025-07-23 18:00:44,679 - INFO - _get_all_nodes_ids executed in 0.00 seconds
2025-07-23 18:02:53,582 - INFO - STKO analysis started at 2025-07-01 23:35:50
2025-07-23 18:02:53,582 - INFO - STKO analysis ended at 2025-07-02 03:03:09
2025-07-23 18:02:53,582 - INFO - Elapsed time: 207.31666666666666 seconds
2025-07-23 18:02:53,585 - INFO - Dataset folder size: 3.93 GB
2025-07-23 18:02:53,815 - INFO - Memory usage for structured array (NODES): 0.09 MB
2025-07-23 18:02:53,815 - INFO - Memory usage for DataFrame (NODES): 0.09 MB
2025-07-23 18:02:53,815 - INFO - _get_all_nodes_ids executed in 0.00 seconds
2025-07-23 18:02:54,367 - INFO - _get_stage_results executed in 0.33 seconds
2025-07-23 18:02:54,367 - INFO - get_nodal_results executed in 0.33 seconds
2025-07-23 18:02:54,752 - INFO - _get_stage_results executed in 0.39 seconds
2025-07-23 18:02:54,752 - INFO - get_nodal_results executed in 0.39 seconds
2025-07-23 18:02:54,951 - INFO - _get_all_nodes_ids executed in 0.00 seconds
